2019-11-18 16:56:01 -Starting BootdoApplication on DESKTOP-A7GBI81 with PID 23816 (D:\study\bootdo\bootdo\target\classes started by HASEE in D:\study\bootdo\bootdo)
2019-11-18 16:56:01 -Running with Spring Boot v2.0.3.RELEASE, Spring v5.0.7.RELEASE
2019-11-18 16:56:01 -The following profiles are active: dev
2019-11-18 16:56:02 -Refreshing org.springframework.context.annotation.AnnotationConfigApplicationContext@abf688e: startup date [Mon Nov 18 16:56:02 CST 2019]; root of context hierarchy
2019-11-18 16:56:04 -Exception encountered during context initialization - cancelling refresh attempt: org.springframework.beans.factory.BeanDefinitionStoreException: Failed to parse configuration class [com.bootdo.BootdoApplication]; nested exception is java.lang.IllegalStateException: Failed to introspect annotated methods on class org.springframework.boot.web.servlet.support.SpringBootServletInitializer
2019-11-18 16:56:04 -Application run failed
org.springframework.beans.factory.BeanDefinitionStoreException: Failed to parse configuration class [com.bootdo.BootdoApplication]; nested exception is java.lang.IllegalStateException: Failed to introspect annotated methods on class org.springframework.boot.web.servlet.support.SpringBootServletInitializer
	at org.springframework.context.annotation.ConfigurationClassParser.parse(ConfigurationClassParser.java:184)
	at org.springframework.context.annotation.ConfigurationClassPostProcessor.processConfigBeanDefinitions(ConfigurationClassPostProcessor.java:316)
	at org.springframework.context.annotation.ConfigurationClassPostProcessor.postProcessBeanDefinitionRegistry(ConfigurationClassPostProcessor.java:233)
	at org.springframework.context.support.PostProcessorRegistrationDelegate.invokeBeanDefinitionRegistryPostProcessors(PostProcessorRegistrationDelegate.java:273)
	at org.springframework.context.support.PostProcessorRegistrationDelegate.invokeBeanFactoryPostProcessors(PostProcessorRegistrationDelegate.java:93)
	at org.springframework.context.support.AbstractApplicationContext.invokeBeanFactoryPostProcessors(AbstractApplicationContext.java:694)
	at org.springframework.context.support.AbstractApplicationContext.refresh(AbstractApplicationContext.java:532)
	at org.springframework.boot.SpringApplication.refresh(SpringApplication.java:759)
	at org.springframework.boot.SpringApplication.refreshContext(SpringApplication.java:395)
	at org.springframework.boot.SpringApplication.run(SpringApplication.java:327)
	at org.springframework.boot.SpringApplication.run(SpringApplication.java:1255)
	at org.springframework.boot.SpringApplication.run(SpringApplication.java:1243)
	at com.bootdo.BootdoApplication.main(BootdoApplication.java:28)
Caused by: java.lang.IllegalStateException: Failed to introspect annotated methods on class org.springframework.boot.web.servlet.support.SpringBootServletInitializer
	at org.springframework.core.type.StandardAnnotationMetadata.getAnnotatedMethods(StandardAnnotationMetadata.java:169)
	at org.springframework.context.annotation.ConfigurationClassParser.retrieveBeanMethodMetadata(ConfigurationClassParser.java:393)
	at org.springframework.context.annotation.ConfigurationClassParser.doProcessConfigurationClass(ConfigurationClassParser.java:318)
	at org.springframework.context.annotation.ConfigurationClassParser.processConfigurationClass(ConfigurationClassParser.java:245)
	at org.springframework.context.annotation.ConfigurationClassParser.parse(ConfigurationClassParser.java:202)
	at org.springframework.context.annotation.ConfigurationClassParser.parse(ConfigurationClassParser.java:170)
	... 12 common frames omitted
Caused by: java.lang.NoClassDefFoundError: javax/servlet/ServletContext
	at java.lang.Class.getDeclaredMethods0(Native Method)
	at java.lang.Class.privateGetDeclaredMethods(Class.java:2701)
	at java.lang.Class.getDeclaredMethods(Class.java:1975)
	at org.springframework.core.type.StandardAnnotationMetadata.getAnnotatedMethods(StandardAnnotationMetadata.java:158)
	... 17 common frames omitted
Caused by: java.lang.ClassNotFoundException: javax.servlet.ServletContext
	at java.net.URLClassLoader.findClass(URLClassLoader.java:381)
	at java.lang.ClassLoader.loadClass(ClassLoader.java:424)
	at sun.misc.Launcher$AppClassLoader.loadClass(Launcher.java:338)
	at java.lang.ClassLoader.loadClass(ClassLoader.java:357)
	... 21 common frames omitted
